TN:
SF:src/chart-engine.ts
FN:25,(anonymous_9)
FN:26,(anonymous_10)
FN:37,(anonymous_11)
FN:62,(anonymous_12)
FN:63,(anonymous_13)
FN:65,(anonymous_14)
FN:66,(anonymous_15)
FN:67,(anonymous_16)
FN:70,(anonymous_17)
FN:80,(anonymous_18)
FN:81,(anonymous_19)
FN:85,(anonymous_20)
FN:111,(anonymous_21)
FN:112,(anonymous_22)
FN:122,(anonymous_23)
FN:123,(anonymous_24)
FN:140,(anonymous_25)
FN:141,(anonymous_26)
FN:168,(anonymous_27)
FN:169,(anonymous_28)
FN:183,(anonymous_29)
FN:205,(anonymous_30)
FN:208,(anonymous_31)
FN:211,(anonymous_32)
FN:224,(anonymous_33)
FN:228,(anonymous_34)
FN:253,(anonymous_35)
FNF:27
FNH:8
FNDA:3,(anonymous_9)
FNDA:3,(anonymous_10)
FNDA:6,(anonymous_11)
FNDA:0,(anonymous_12)
FNDA:0,(anonymous_13)
FNDA:0,(anonymous_14)
FNDA:0,(anonymous_15)
FNDA:0,(anonymous_16)
FNDA:0,(anonymous_17)
FNDA:0,(anonymous_18)
FNDA:0,(anonymous_19)
FNDA:0,(anonymous_20)
FNDA:2,(anonymous_21)
FNDA:2,(anonymous_22)
FNDA:0,(anonymous_23)
FNDA:0,(anonymous_24)
FNDA:0,(anonymous_25)
FNDA:0,(anonymous_26)
FNDA:2,(anonymous_27)
FNDA:2,(anonymous_28)
FNDA:0,(anonymous_29)
FNDA:0,(anonymous_30)
FNDA:0,(anonymous_31)
FNDA:0,(anonymous_32)
FNDA:0,(anonymous_33)
FNDA:0,(anonymous_34)
FNDA:4,(anonymous_35)
DA:1,1
DA:19,1
DA:20,1
DA:26,3
DA:27,3
DA:28,3
DA:31,3
DA:36,3
DA:37,6
DA:41,3
DA:46,3
DA:47,1
DA:57,3
DA:62,0
DA:63,0
DA:65,0
DA:66,0
DA:68,0
DA:71,0
DA:75,3
DA:80,0
DA:81,0
DA:85,0
DA:88,3
DA:89,3
DA:91,3
DA:95,3
DA:99,3
DA:106,0
DA:112,2
DA:113,2
DA:114,2
DA:116,2
DA:121,2
DA:122,0
DA:123,0
DA:127,2
DA:135,2
DA:140,0
DA:141,0
DA:146,2
DA:147,1
DA:156,2
DA:163,0
DA:169,2
DA:170,2
DA:171,2
DA:173,2
DA:174,2
DA:175,2
DA:177,2
DA:182,2
DA:183,0
DA:186,2
DA:190,2
DA:193,2
DA:196,2
DA:199,2
DA:205,0
DA:209,0
DA:212,0
DA:216,2
DA:220,2
DA:224,0
DA:228,0
DA:231,2
DA:232,1
DA:241,2
DA:248,0
DA:254,4
DA:256,1
DA:258,1
DA:260,1
DA:262,1
LF:74
LH:52
BRDA:28,0,0,3
BRDA:37,1,0,3
BRDA:37,1,1,2
BRDA:42,2,0,3
BRDA:42,2,1,0
BRDA:46,3,0,1
BRDA:62,4,0,0
BRDA:62,4,1,0
BRDA:80,5,0,0
BRDA:80,5,1,0
BRDA:100,6,0,3
BRDA:100,6,1,0
BRDA:114,7,0,2
BRDA:146,8,0,1
BRDA:157,9,0,2
BRDA:157,9,1,0
BRDA:171,10,0,2
BRDA:228,11,0,0
BRDA:228,11,1,0
BRDA:231,12,0,1
BRDA:242,13,0,2
BRDA:242,13,1,0
BRDA:254,14,0,1
BRDA:254,14,1,1
BRDA:254,14,2,1
BRDA:254,14,3,1
BRF:26
BRH:16
end_of_record
TN:
SF:src/data-processor.ts
FN:18,(anonymous_9)
FN:19,(anonymous_10)
FN:24,(anonymous_11)
FN:25,(anonymous_12)
FN:46,(anonymous_13)
FN:64,(anonymous_14)
FN:81,(anonymous_15)
FN:88,(anonymous_16)
FN:89,(anonymous_17)
FN:89,(anonymous_18)
FN:102,(anonymous_19)
FN:103,(anonymous_20)
FN:103,(anonymous_21)
FN:107,(anonymous_22)
FN:133,(anonymous_23)
FN:134,(anonymous_24)
FN:134,(anonymous_25)
FN:138,(anonymous_26)
FN:139,(anonymous_27)
FN:146,(anonymous_28)
FN:148,(anonymous_29)
FN:152,(anonymous_30)
FN:153,(anonymous_31)
FN:155,(anonymous_32)
FN:164,(anonymous_33)
FN:171,(anonymous_34)
FN:179,(anonymous_35)
FN:180,(anonymous_36)
FN:181,(anonymous_37)
FN:202,(anonymous_38)
FN:203,(anonymous_39)
FNF:31
FNH:29
FNDA:4,(anonymous_9)
FNDA:4,(anonymous_10)
FNDA:0,(anonymous_11)
FNDA:0,(anonymous_12)
FNDA:4,(anonymous_13)
FNDA:6,(anonymous_14)
FNDA:6,(anonymous_15)
FNDA:11,(anonymous_16)
FNDA:26,(anonymous_17)
FNDA:26,(anonymous_18)
FNDA:8,(anonymous_19)
FNDA:20,(anonymous_20)
FNDA:20,(anonymous_21)
FNDA:13,(anonymous_22)
FNDA:11,(anonymous_23)
FNDA:26,(anonymous_24)
FNDA:26,(anonymous_25)
FNDA:3,(anonymous_26)
FNDA:6,(anonymous_27)
FNDA:8,(anonymous_28)
FNDA:20,(anonymous_29)
FNDA:6,(anonymous_30)
FNDA:15,(anonymous_31)
FNDA:26,(anonymous_32)
FNDA:1,(anonymous_33)
FNDA:2,(anonymous_34)
FNDA:1,(anonymous_35)
FNDA:3,(anonymous_36)
FNDA:3,(anonymous_37)
FNDA:1,(anonymous_38)
FNDA:4,(anonymous_39)
DA:1,1
DA:2,1
DA:3,1
DA:17,1
DA:19,4
DA:20,4
DA:21,4
DA:24,0
DA:25,0
DA:28,4
DA:29,0
DA:32,4
DA:33,4
DA:34,1
DA:37,3
DA:38,3
DA:41,1
DA:47,4
DA:48,4
DA:49,1
DA:52,4
DA:53,1
DA:56,3
DA:57,3
DA:60,1
DA:65,6
DA:67,1
DA:69,1
DA:71,1
DA:73,1
DA:75,1
DA:77,1
DA:82,6
DA:83,6
DA:84,6
DA:85,6
DA:88,6
DA:89,26
DA:91,11
DA:92,8
DA:93,3
DA:94,0
DA:96,3
DA:101,6
DA:102,6
DA:103,20
DA:104,8
DA:105,8
DA:107,13
DA:118,6
DA:120,6
DA:134,26
DA:135,11
DA:139,3
DA:140,6
DA:141,6
DA:143,3
DA:147,8
DA:148,20
DA:149,8
DA:153,15
DA:156,26
DA:157,11
DA:159,15
DA:165,1
DA:166,0
DA:169,1
DA:171,2
DA:180,1
DA:181,3
DA:182,3
DA:184,3
DA:186,0
DA:188,0
DA:190,3
DA:192,0
DA:194,0
DA:196,0
DA:203,1
DA:204,4
DA:205,4
DA:207,4
DA:208,4
DA:211,0
DA:212,0
DA:214,0
DA:215,0
DA:217,0
LF:88
LH:73
BRDA:28,0,0,0
BRDA:33,1,0,1
BRDA:48,2,0,1
BRDA:52,3,0,1
BRDA:65,4,0,1
BRDA:65,4,1,1
BRDA:65,4,2,1
BRDA:65,4,3,1
BRDA:65,4,4,1
BRDA:65,4,5,1
BRDA:82,5,0,6
BRDA:82,5,1,0
BRDA:89,6,0,26
BRDA:89,6,1,26
BRDA:89,6,2,26
BRDA:91,7,0,8
BRDA:91,7,1,3
BRDA:93,8,0,0
BRDA:93,8,1,3
BRDA:104,9,0,8
BRDA:107,10,0,8
BRDA:107,10,1,0
BRDA:140,11,0,6
BRDA:140,11,1,0
BRDA:156,12,0,11
BRDA:156,13,0,26
BRDA:156,13,1,21
BRDA:165,14,0,0
BRDA:184,15,0,0
BRDA:184,15,1,0
BRDA:184,15,2,3
BRDA:184,15,3,0
BRDA:184,15,4,0
BRDA:184,15,5,0
BRDA:207,16,0,4
BRDA:207,17,0,4
BRDA:207,17,1,4
BRDA:208,18,0,4
BRDA:208,18,1,0
BRDA:214,19,0,0
BRDA:214,19,1,0
BRF:41
BRH:27
end_of_record
TN:
SF:src/socket-manager.ts
FN:16,(anonymous_0)
FN:19,(anonymous_1)
FN:32,(anonymous_2)
FN:37,(anonymous_3)
FN:41,(anonymous_4)
FN:49,(anonymous_5)
FN:57,(anonymous_6)
FN:67,(anonymous_7)
FN:75,(anonymous_8)
FN:88,(anonymous_9)
FN:114,(anonymous_10)
FN:116,(anonymous_11)
FN:125,(anonymous_12)
FN:144,(anonymous_13)
FN:145,(anonymous_14)
FN:153,(anonymous_15)
FN:168,(anonymous_16)
FN:169,(anonymous_17)
FN:187,(anonymous_18)
FN:195,(anonymous_19)
FN:199,(anonymous_20)
FN:207,(anonymous_21)
FNF:22
FNH:3
FNDA:0,(anonymous_0)
FNDA:0,(anonymous_1)
FNDA:0,(anonymous_2)
FNDA:0,(anonymous_3)
FNDA:0,(anonymous_4)
FNDA:0,(anonymous_5)
FNDA:0,(anonymous_6)
FNDA:1,(anonymous_7)
FNDA:0,(anonymous_8)
FNDA:0,(anonymous_9)
FNDA:0,(anonymous_10)
FNDA:0,(anonymous_11)
FNDA:0,(anonymous_12)
FNDA:0,(anonymous_13)
FNDA:0,(anonymous_14)
FNDA:0,(anonymous_15)
FNDA:0,(anonymous_16)
FNDA:0,(anonymous_17)
FNDA:0,(anonymous_18)
FNDA:1,(anonymous_19)
FNDA:0,(anonymous_20)
FNDA:1,(anonymous_21)
DA:2,1
DA:10,1
DA:12,1
DA:13,1
DA:14,1
DA:17,0
DA:19,0
DA:20,0
DA:21,0
DA:24,0
DA:25,0
DA:32,0
DA:33,0
DA:34,0
DA:37,0
DA:38,0
DA:41,0
DA:42,0
DA:46,0
DA:50,0
DA:51,0
DA:52,0
DA:55,0
DA:57,0
DA:58,0
DA:59,0
DA:63,0
DA:64,0
DA:68,1
DA:69,0
DA:70,0
DA:71,0
DA:76,0
DA:78,0
DA:80,0
DA:82,0
DA:84,0
DA:89,0
DA:115,0
DA:116,0
DA:126,0
DA:145,0
DA:154,0
DA:156,0
DA:163,0
DA:165,0
DA:169,0
DA:170,0
DA:171,0
DA:172,0
DA:175,0
DA:176,0
DA:183,0
DA:184,0
DA:188,0
DA:189,0
DA:190,0
DA:191,0
DA:196,1
DA:200,0
DA:208,1
LF:61
LH:8
BRDA:24,0,0,0
BRDA:50,1,0,0
BRDA:68,2,0,0
BRDA:76,3,0,0
BRDA:76,3,1,0
BRDA:76,3,2,0
BRDA:76,3,3,0
BRDA:170,4,0,0
BRDA:175,5,0,0
BRDA:175,5,1,0
BRDA:181,6,0,0
BRDA:181,6,1,0
BRDA:188,7,0,0
BRF:13
BRH:0
end_of_record
